# JRE version: Java(TM) SE Runtime Environment (8.0_31-b13) (build 1.8.0_31-b13)
# Java VM: Java HotSpot(TM) Client VM (25.31-b07 mixed mode windows-x86 )
Heap:
 par new generation   total 45760K, used 42478K [0x04400000, 0x075a0000, 0x0c400000)
  eden space 40704K,  97% used [0x04400000, 0x06ac9150, 0x06bc0000)
  from space 5056K,  54% used [0x06bc0000, 0x06e72798, 0x070b0000)
  to   space 5056K,   0% used [0x070b0000, 0x070b0000, 0x075a0000)
 concurrent mark-sweep generation total 101472K, used 48757K [0x0c400000, 0x12718000, 0x1c400000)
 Metaspace       used 20737K, capacity 20886K, committed 21120K, reserved 21888K
GC Heap History (10 events):
Event: 49.652 GC heap before
{Heap before GC invocations=82 (full 23):
 par new generation   total 45760K, used 43321K [0x04400000, 0x075a0000, 0x0c400000)
  eden space 40704K, 100% used [0x04400000, 0x06bc0000, 0x06bc0000)
  from space 5056K,  51% used [0x070b0000, 0x0733e768, 0x075a0000)
  to   space 5056K,   0% used [0x06bc0000, 0x06bc0000, 0x070b0000)
 concurrent mark-sweep generation total 101472K, used 54180K [0x0c400000, 0x12718000, 0x1c400000)
 Metaspace       used 20685K, capacity 20819K, committed 20992K, reserved 21888K
Event: 49.657 GC heap after
Heap after GC invocations=83 (full 23):
 par new generation   total 45760K, used 2882K [0x04400000, 0x075a0000, 0x0c400000)
  eden space 40704K,   0% used [0x04400000, 0x04400000, 0x06bc0000)
  from space 5056K,  57% used [0x06bc0000, 0x06e90978, 0x070b0000)
  to   space 5056K,   0% used [0x070b0000, 0x070b0000, 0x075a0000)
 concurrent mark-sweep generation total 101472K, used 54180K [0x0c400000, 0x12718000, 0x1c400000)
 Metaspace       used 20685K, capacity 20819K, committed 20992K, reserved 21888K
}
Event: 51.680 GC heap before
{Heap before GC invocations=83 (full 23):
 par new generation   total 45760K, used 43586K [0x04400000, 0x075a0000, 0x0c400000)
  eden space 40704K, 100% used [0x04400000, 0x06bc0000, 0x06bc0000)
  from space 5056K,  57% used [0x06bc0000, 0x06e90978, 0x070b0000)
  to   space 5056K,   0% used [0x070b0000, 0x070b0000, 0x075a0000)
 concurrent mark-sweep generation total 101472K, used 54180K [0x0c400000, 0x12718000, 0x1c400000)
 Metaspace       used 20718K, capacity 20883K, committed 21120K, reserved 21888K
Event: 51.685 GC heap after
Heap after GC invocations=84 (full 23):
 par new generation   total 45760K, used 2124K [0x04400000, 0x075a0000, 0x0c400000)
  eden space 40704K,   0% used [0x04400000, 0x04400000, 0x06bc0000)
  from space 5056K,  42% used [0x070b0000, 0x072c33a0, 0x075a0000)
  to   space 5056K,   0% used [0x06bc0000, 0x06bc0000, 0x070b0000)
 concurrent mark-sweep generation total 101472K, used 54180K [0x0c400000, 0x12718000, 0x1c400000)
 Metaspace       used 20718K, capacity 20883K, committed 21120K, reserved 21888K
}
Event: 53.795 GC heap before
{Heap before GC invocations=84 (full 24):
 par new generation   total 45760K, used 42828K [0x04400000, 0x075a0000, 0x0c400000)
  eden space 40704K, 100% used [0x04400000, 0x06bc0000, 0x06bc0000)
  from space 5056K,  42% used [0x070b0000, 0x072c33a0, 0x075a0000)
  to   space 5056K,   0% used [0x06bc0000, 0x06bc0000, 0x070b0000)
 concurrent mark-sweep generation total 101472K, used 54180K [0x0c400000, 0x12718000, 0x1c400000)
 Metaspace       used 20718K, capacity 20883K, committed 21120K, reserved 21888K
Event: 53.800 GC heap after
Heap after GC invocations=85 (full 24):
 par new generation   total 45760K, used 2442K [0x04400000, 0x075a0000, 0x0c400000)
  eden space 40704K,   0% used [0x04400000, 0x04400000, 0x06bc0000)
  from space 5056K,  48% used [0x06bc0000, 0x06e22a88, 0x070b0000)
  to   space 5056K,   0% used [0x070b0000, 0x070b0000, 0x075a0000)
 concurrent mark-sweep generation total 101472K, used 54180K [0x0c400000, 0x12718000, 0x1c400000)
 Metaspace       used 20718K, capacity 20883K, committed 21120K, reserved 21888K
}
Event: 55.911 GC heap before
{Heap before GC invocations=85 (full 24):
 par new generation   total 45760K, used 43146K [0x04400000, 0x075a0000, 0x0c400000)
  eden space 40704K, 100% used [0x04400000, 0x06bc0000, 0x06bc0000)
  from space 5056K,  48% used [0x06bc0000, 0x06e22a88, 0x070b0000)
  to   space 5056K,   0% used [0x070b0000, 0x070b0000, 0x075a0000)
 concurrent mark-sweep generation total 101472K, used 48757K [0x0c400000, 0x12718000, 0x1c400000)
 Metaspace       used 20718K, capacity 20883K, committed 21120K, reserved 21888K
Event: 55.914 GC heap after
Heap after GC invocations=86 (full 24):
 par new generation   total 45760K, used 2471K [0x04400000, 0x075a0000, 0x0c400000)
  eden space 40704K,   0% used [0x04400000, 0x04400000, 0x06bc0000)
  from space 5056K,  48% used [0x070b0000, 0x07319ce8, 0x075a0000)
  to   space 5056K,   0% used [0x06bc0000, 0x06bc0000, 0x070b0000)
 concurrent mark-sweep generation total 101472K, used 48757K [0x0c400000, 0x12718000, 0x1c400000)
 Metaspace       used 20718K, capacity 20883K, committed 21120K, reserved 21888K
}
Event: 58.147 GC heap before
{Heap before GC invocations=86 (full 24):
 par new generation   total 45760K, used 43175K [0x04400000, 0x075a0000, 0x0c400000)
  eden space 40704K, 100% used [0x04400000, 0x06bc0000, 0x06bc0000)
  from space 5056K,  48% used [0x070b0000, 0x07319ce8, 0x075a0000)
  to   space 5056K,   0% used [0x06bc0000, 0x06bc0000, 0x070b0000)
 concurrent mark-sweep generation total 101472K, used 48757K [0x0c400000, 0x12718000, 0x1c400000)
 Metaspace       used 20718K, capacity 20883K, committed 21120K, reserved 21888K
Event: 58.151 GC heap after
Heap after GC invocations=87 (full 24):
 par new generation   total 45760K, used 2761K [0x04400000, 0x075a0000, 0x0c400000)
  eden space 40704K,   0% used [0x04400000, 0x04400000, 0x06bc0000)
  from space 5056K,  54% used [0x06bc0000, 0x06e72798, 0x070b0000)
  to   space 5056K,   0% used [0x070b0000, 0x070b0000, 0x075a0000)
 concurrent mark-sweep generation total 101472K, used 48757K [0x0c400000, 0x12718000, 0x1c400000)
 Metaspace       used 20718K, capacity 20883K, committed 21120K, reserved 21888K
}

